<html>
<head>
<title>TestNG:  Different TestNG Features</title>
<link href="../testng.css" rel="stylesheet" type="text/css" />
<link href="../my-testng.css" rel="stylesheet" type="text/css" />

<style type="text/css">
.log { display: none;} 
.stack-trace { display: none;} 
</style>
<script type="text/javascript">
<!--
function flip(e) {
  current = e.style.display;
  if (current == 'block') {
    e.style.display = 'none';
    return 0;
  }
  else {
    e.style.display = 'block';
    return 1;
  }
}

function toggleBox(szDivId, elem, msg1, msg2)
{
  var res = -1;  if (document.getElementById) {
    res = flip(document.getElementById(szDivId));
  }
  else if (document.all) {
    // this is the way old msie versions work
    res = flip(document.all[szDivId]);
  }
  if(elem) {
    if(res == 0) elem.innerHTML = msg1; else elem.innerHTML = msg2;
  }

}

function toggleAllBoxes() {
  if (document.getElementsByTagName) {
    d = document.getElementsByTagName('div');
    for (i = 0; i < d.length; i++) {
      if (d[i].className == 'log') {
        flip(d[i]);
      }
    }
  }
}

// -->
</script>

</head>
<body>
<h2 align='center'>Different TestNG Features</h2><table border='1' align="center">
<tr>
<td>Tests passed/Failed/Skipped:</td><td>14/1/0</td>
</tr><tr>
<td>Started on:</td><td>Sun Feb 23 19:08:13 IST 2020</td>
</tr>
<tr><td>Total time:</td><td>33 seconds (33902 ms)</td>
</tr><tr>
<td>Included groups:</td><td></td>
</tr><tr>
<td>Excluded groups:</td><td></td>
</tr>
</table><p/>
<small><i>(Hover the method name to see the test class name)</i></small><p/>
<table width='100%' border='1' class='invocation-failed'>
<tr><td colspan='4' align='center'><b>FAILED TESTS</b></td></tr>
<tr><td><b>Test method</b></td>
<td width="30%"><b>Exception</b></td>
<td width="10%"><b>Time (seconds)</b></td>
<td><b>Instance</b></td>
</tr>
<tr>
<td title='com.testng.GoogleTest.verifyGoogleTitleTest()'><b>verifyGoogleTitleTest</b><br>Test class: com.testng.GoogleTest</td>
<td><div><pre>java.lang.AssertionError: Title is Wrong expected [Google123] but found [Google]
	at com.testng.GoogleTest.verifyGoogleTitleTest(GoogleTest.java:32)
	at java.util.ArrayList.forEach(Unknown Source)
... Removed 31 stack frames</pre></div><a href='#' onClick='toggleBox("stack-trace1160850402", this, "Click to show all stack frames", "Click to hide stack frames")'>Click to show all stack frames</a>
<div class='stack-trace' id='stack-trace1160850402'><pre>java.lang.AssertionError: Title is Wrong expected [Google123] but found [Google]
	at org.testng.Assert.fail(Assert.java:97)
	at org.testng.Assert.assertEqualsImpl(Assert.java:136)
	at org.testng.Assert.assertEquals(Assert.java:118)
	at org.testng.Assert.assertEquals(Assert.java:575)
	at com.testng.GoogleTest.verifyGoogleTitleTest(GoogleTest.java:32)
	at sun.reflect.NativeMethodAccessorImpl.invoke0(Native Method)
	at sun.reflect.NativeMethodAccessorImpl.invoke(Unknown Source)
	at sun.reflect.DelegatingMethodAccessorImpl.invoke(Unknown Source)
	at java.lang.reflect.Method.invoke(Unknown Source)
	at org.testng.internal.MethodInvocationHelper.invokeMethod(MethodInvocationHelper.java:133)
	at org.testng.internal.TestInvoker.invokeMethod(TestInvoker.java:584)
	at org.testng.internal.TestInvoker.invokeTestMethod(TestInvoker.java:172)
	at org.testng.internal.MethodRunner.runInSequence(MethodRunner.java:46)
	at org.testng.internal.TestInvoker$MethodInvocationAgent.invoke(TestInvoker.java:804)
	at org.testng.internal.TestInvoker.invokeTestMethods(TestInvoker.java:145)
	at org.testng.internal.TestMethodWorker.invokeTestMethods(TestMethodWorker.java:146)
	at org.testng.internal.TestMethodWorker.run(TestMethodWorker.java:128)
	at java.util.ArrayList.forEach(Unknown Source)
	at org.testng.TestRunner.privateRun(TestRunner.java:770)
	at org.testng.TestRunner.run(TestRunner.java:591)
	at org.testng.SuiteRunner.runTest(SuiteRunner.java:402)
	at org.testng.SuiteRunner.runSequentially(SuiteRunner.java:396)
	at org.testng.SuiteRunner.privateRun(SuiteRunner.java:355)
	at org.testng.SuiteRunner.run(SuiteRunner.java:304)
	at org.testng.SuiteRunnerWorker.runSuite(SuiteRunnerWorker.java:53)
	at org.testng.SuiteRunnerWorker.run(SuiteRunnerWorker.java:96)
	at org.testng.TestNG.runSuitesSequentially(TestNG.java:1180)
	at org.testng.TestNG.runSuitesLocally(TestNG.java:1102)
	at org.testng.TestNG.runSuites(TestNG.java:1032)
	at org.testng.TestNG.run(TestNG.java:1000)
	at org.testng.remote.AbstractRemoteTestNG.run(AbstractRemoteTestNG.java:115)
	at org.testng.remote.RemoteTestNG.initAndRun(RemoteTestNG.java:251)
	at org.testng.remote.RemoteTestNG.main(RemoteTestNG.java:77)
</pre></div></td>
<td>0</td>
<td>com.testng.GoogleTest@3a5ed7a6</td></tr>
</table><p>
<table width='100%' border='1' class='invocation-passed'>
<tr><td colspan='4' align='center'><b>PASSED TESTS</b></td></tr>
<tr><td><b>Test method</b></td>
<td width="30%"><b>Exception</b></td>
<td width="10%"><b>Time (seconds)</b></td>
<td><b>Instance</b></td>
</tr>
<tr>
<td title='com.testng.BasicsTestNg.GoogleTitleTest()'><b>GoogleTitleTest</b><br>Test class: com.testng.BasicsTestNg</td>
<td></td>
<td>0</td>
<td>com.testng.BasicsTestNg@1f28c152</td></tr>
<tr>
<td title='com.testng.BasicsTestNg.searchData()'><b>searchData</b><br>Test class: com.testng.BasicsTestNg</td>
<td></td>
<td>0</td>
<td>com.testng.BasicsTestNg@1f28c152</td></tr>
<tr>
<td title='com.testng.ExceptionTimeoutTest.sum()'><b>sum</b><br>Test class: com.testng.ExceptionTimeoutTest</td>
<td><div><pre>java.lang.NumberFormatException: For input string: &quot;100A&quot;
	at java.lang.NumberFormatException.forInputString(Unknown Source)
	at java.lang.Integer.parseInt(Unknown Source)
	at java.lang.Integer.parseInt(Unknown Source)
	at com.testng.ExceptionTimeoutTest.sum(ExceptionTimeoutTest.java:15)
	at java.util.ArrayList.forEach(Unknown Source)
... Removed 27 stack frames</pre></div><a href='#' onClick='toggleBox("stack-trace94157402", this, "Click to show all stack frames", "Click to hide stack frames")'>Click to show all stack frames</a>
<div class='stack-trace' id='stack-trace94157402'><pre>java.lang.NumberFormatException: For input string: &quot;100A&quot;
	at java.lang.NumberFormatException.forInputString(Unknown Source)
	at java.lang.Integer.parseInt(Unknown Source)
	at java.lang.Integer.parseInt(Unknown Source)
	at com.testng.ExceptionTimeoutTest.sum(ExceptionTimeoutTest.java:15)
	at sun.reflect.NativeMethodAccessorImpl.invoke0(Native Method)
	at sun.reflect.NativeMethodAccessorImpl.invoke(Unknown Source)
	at sun.reflect.DelegatingMethodAccessorImpl.invoke(Unknown Source)
	at java.lang.reflect.Method.invoke(Unknown Source)
	at org.testng.internal.MethodInvocationHelper.invokeMethod(MethodInvocationHelper.java:133)
	at org.testng.internal.TestInvoker.invokeMethod(TestInvoker.java:584)
	at org.testng.internal.TestInvoker.invokeTestMethod(TestInvoker.java:172)
	at org.testng.internal.MethodRunner.runInSequence(MethodRunner.java:46)
	at org.testng.internal.TestInvoker$MethodInvocationAgent.invoke(TestInvoker.java:804)
	at org.testng.internal.TestInvoker.invokeTestMethods(TestInvoker.java:145)
	at org.testng.internal.TestMethodWorker.invokeTestMethods(TestMethodWorker.java:146)
	at org.testng.internal.TestMethodWorker.run(TestMethodWorker.java:128)
	at java.util.ArrayList.forEach(Unknown Source)
	at org.testng.TestRunner.privateRun(TestRunner.java:770)
	at org.testng.TestRunner.run(TestRunner.java:591)
	at org.testng.SuiteRunner.runTest(SuiteRunner.java:402)
	at org.testng.SuiteRunner.runSequentially(SuiteRunner.java:396)
	at org.testng.SuiteRunner.privateRun(SuiteRunner.java:355)
	at org.testng.SuiteRunner.run(SuiteRunner.java:304)
	at org.testng.SuiteRunnerWorker.runSuite(SuiteRunnerWorker.java:53)
	at org.testng.SuiteRunnerWorker.run(SuiteRunnerWorker.java:96)
	at org.testng.TestNG.runSuitesSequentially(TestNG.java:1180)
	at org.testng.TestNG.runSuitesLocally(TestNG.java:1102)
	at org.testng.TestNG.runSuites(TestNG.java:1032)
	at org.testng.TestNG.run(TestNG.java:1000)
	at org.testng.remote.AbstractRemoteTestNG.run(AbstractRemoteTestNG.java:115)
	at org.testng.remote.RemoteTestNG.initAndRun(RemoteTestNG.java:251)
	at org.testng.remote.RemoteTestNG.main(RemoteTestNG.java:77)
</pre></div></td>
<td>0</td>
<td>com.testng.ExceptionTimeoutTest@7791a895</td></tr>
<tr>
<td title='com.testng.InvocationCountTest.sum()'><b>sum</b><br>Test class: com.testng.InvocationCountTest</td>
<td></td>
<td>0</td>
<td>com.testng.InvocationCountTest@6325a3ee</td></tr>
<tr>
<td title='com.testng.InvocationCountTest.sum()'><b>sum</b><br>Test class: com.testng.InvocationCountTest</td>
<td></td>
<td>0</td>
<td>com.testng.InvocationCountTest@6325a3ee</td></tr>
<tr>
<td title='com.testng.InvocationCountTest.sum()'><b>sum</b><br>Test class: com.testng.InvocationCountTest</td>
<td></td>
<td>0</td>
<td>com.testng.InvocationCountTest@6325a3ee</td></tr>
<tr>
<td title='com.testng.InvocationCountTest.sum()'><b>sum</b><br>Test class: com.testng.InvocationCountTest</td>
<td></td>
<td>0</td>
<td>com.testng.InvocationCountTest@6325a3ee</td></tr>
<tr>
<td title='com.testng.InvocationCountTest.sum()'><b>sum</b><br>Test class: com.testng.InvocationCountTest</td>
<td></td>
<td>0</td>
<td>com.testng.InvocationCountTest@6325a3ee</td></tr>
<tr>
<td title='com.testng.BasicsTestNg.verifyData()'><b>verifyData</b><br>Test class: com.testng.BasicsTestNg</td>
<td></td>
<td>0</td>
<td>com.testng.BasicsTestNg@1f28c152</td></tr>
<tr>
<td title='com.testng.DependsMethodsInNG.verifyGoogleLinkTest()'><b>verifyGoogleLinkTest</b><br>Test class: com.testng.DependsMethodsInNG</td>
<td></td>
<td>0</td>
<td>com.testng.DependsMethodsInNG@7d907bac</td></tr>
<tr>
<td title='com.testng.GoogleTest.verifyGoogleLinkTest()'><b>verifyGoogleLinkTest</b><br>Test class: com.testng.GoogleTest</td>
<td></td>
<td>0</td>
<td>com.testng.GoogleTest@3a5ed7a6</td></tr>
<tr>
<td title='com.testng.DependsMethodsInNG.verifyGoogleLogoTest()'><b>verifyGoogleLogoTest</b><br>Test class: com.testng.DependsMethodsInNG</td>
<td></td>
<td>0</td>
<td>com.testng.DependsMethodsInNG@7d907bac</td></tr>
<tr>
<td title='com.testng.GoogleTest.verifyGoogleLogoTest()'><b>verifyGoogleLogoTest</b><br>Test class: com.testng.GoogleTest</td>
<td></td>
<td>0</td>
<td>com.testng.GoogleTest@3a5ed7a6</td></tr>
<tr>
<td title='com.testng.DependsMethodsInNG.verifyGoogleTitleTest()'><b>verifyGoogleTitleTest</b><br>Test class: com.testng.DependsMethodsInNG</td>
<td></td>
<td>0</td>
<td>com.testng.DependsMethodsInNG@7d907bac</td></tr>
</table><p>
</body>
</html>