<?xml version="1.0" encoding="UTF-8"?>
<!-- Generated by org.testng.reporters.JUnitXMLReporter -->
<testsuite hostname="DELL" ignored="0" name="Different TestNG Features" tests="15" failures="1" timestamp="2020-02-23T19:08:47 IST" time="33.902" errors="0">
  <testcase name="GoogleTitleTest" time="0.008" classname="com.testng.BasicsTestNg"/>
  <testcase name="searchData" time="0.001" classname="com.testng.BasicsTestNg"/>
  <testcase name="verifyData" time="0.002" classname="com.testng.BasicsTestNg"/>
  <testcase name="verifyGoogleTitleTest" time="0.017" classname="com.testng.DependsMethodsInNG"/>
  <testcase name="verifyGoogleLogoTest" time="0.112" classname="com.testng.DependsMethodsInNG"/>
  <testcase name="verifyGoogleLinkTest" time="0.071" classname="com.testng.DependsMethodsInNG"/>
  <testcase name="sum" time="0.003" classname="com.testng.ExceptionTimeoutTest"/>
  <testcase name="verifyGoogleTitleTest" time="0.018" classname="com.testng.GoogleTest">
    <failure type="java.lang.AssertionError" message="Title is Wrong expected [Google123] but found [Google]">
      <![CDATA[java.lang.AssertionError: Title is Wrong expected [Google123] but found [Google]
at com.testng.GoogleTest.verifyGoogleTitleTest(GoogleTest.java:32)
at java.util.ArrayList.forEach(Unknown Source)
... Removed 31 stack frames]]>
    </failure>
  </testcase> <!-- verifyGoogleTitleTest -->
  <testcase name="verifyGoogleLogoTest" time="0.059" classname="com.testng.GoogleTest"/>
  <testcase name="verifyGoogleLinkTest" time="0.083" classname="com.testng.GoogleTest"/>
  <testcase name="sum" time="0.004" classname="com.testng.InvocationCountTest"/>
  <testcase name="sum" time="0.004" classname="com.testng.InvocationCountTest"/>
  <testcase name="sum" time="0.003" classname="com.testng.InvocationCountTest"/>
  <testcase name="sum" time="0.004" classname="com.testng.InvocationCountTest"/>
  <testcase name="sum" time="0.008" classname="com.testng.InvocationCountTest"/>
</testsuite> <!-- Different TestNG Features -->
